<?xml version="1.0" encoding="UTF-8"?>
<!-- Generated by org.testng.reporters.JUnitXMLReporter -->
<testsuite ignored="0" hostname="Deeps" failures="1" tests="17" name="DemoBlaze Functional Tests" time="263.752" errors="0" timestamp="2026-04-18T20:42:32 IST">
  <testcase classname="com.srm.demoblaze.tests.AuthenticationTests" name="verifyLoginUsingExcelData" time="7.636"/>
  <testcase classname="com.srm.demoblaze.tests.AuthenticationTests" name="verifyLoginUsingExcelData" time="5.585"/>
  <testcase classname="com.srm.demoblaze.tests.AuthenticationTests" name="verifyLogoutRemovesUsernameFromNavbar" time="7.848"/>
  <testcase classname="com.srm.demoblaze.tests.AuthenticationTests" name="verifySuccessfulSignupWithUniqueCredentials" time="3.524"/>
  <testcase classname="com.srm.demoblaze.tests.ProductBrowseTests" name="verifyHomeLinkReloadsFullProductListing" time="3.334"/>
  <testcase classname="com.srm.demoblaze.tests.ProductBrowseTests" name="verifyLaptopsCategoryShowsLaptopProducts" time="1.541"/>
  <testcase classname="com.srm.demoblaze.tests.ProductBrowseTests" name="verifyPhonesCategoryShowsPhoneProducts" time="1.56"/>
  <testcase classname="com.srm.demoblaze.tests.ProductBrowseTests" name="verifyProductDetailsAreDisplayed" time="2.536"/>
  <testcase classname="com.srm.demoblaze.tests.CartTests" name="verifyCartTotalUpdatesAfterDeletion" time="26.83"/>
  <testcase classname="com.srm.demoblaze.tests.CartTests" name="verifyDeletingAProductRemovesItFromCart" time="24.324">
    <failure type="java.lang.AssertionError" message="The remaining product should still be present in the cart. expected [true] but found [false]">
      <![CDATA[java.lang.AssertionError: The remaining product should still be present in the cart. expected [true] but found [false]
at com.srm.demoblaze.tests.CartTests.verifyDeletingAProductRemovesItFromCart(CartTests.java:56)
at java.base/java.util.ArrayList.forEach(ArrayList.java:1511)
... Removed 30 stack frames]]>
    </failure>
  </testcase> <!-- verifyDeletingAProductRemovesItFromCart -->
  <testcase classname="com.srm.demoblaze.tests.CartTests" name="verifySingleProductCanBeAddedToCart" time="19.155"/>
  <testcase classname="com.srm.demoblaze.tests.CartTests" name="verifyTwoProductsAppearInCart" time="23.271"/>
  <testcase classname="com.srm.demoblaze.tests.OrderTests" name="verifyOrderBehaviorWithEmptyNameAndCreditCardFields" time="16.645"/>
  <testcase classname="com.srm.demoblaze.tests.OrderTests" name="verifyOrderPlacementShowsConfirmationAndOrderId" time="19.202"/>
  <testcase classname="com.srm.demoblaze.tests.FormValidationTests" name="verifyEmptyUsernameShowsLoginAlert" time="1.273"/>
  <testcase classname="com.srm.demoblaze.tests.FormValidationTests" name="verifyExistingUsernameShowsSignUpAlert" time="4.995"/>
  <testcase classname="com.srm.demoblaze.tests.FormValidationTests" name="verifyModalFieldsRetainEnteredText" time="4.109"/>
</testsuite> <!-- DemoBlaze Functional Tests -->
