<?xml version="1.0" encoding="UTF-8"?>
<!-- Generated by org.testng.reporters.JUnitReportReporter -->
<testsuite hostname="Deeps" failures="0" tests="4" name="com.srm.demoblaze.tests.ProductBrowseTests" time="28.770" errors="0" timestamp="2026-04-18T20:42:32 IST" skipped="0">
  <testcase classname="com.srm.demoblaze.tests.ProductBrowseTests" name="verifyLaptopsCategoryShowsLaptopProducts" time="6.526"/>
  <testcase classname="com.srm.demoblaze.tests.ProductBrowseTests" name="verifyHomeLinkReloadsFullProductListing" time="8.743"/>
  <testcase classname="com.srm.demoblaze.tests.ProductBrowseTests" name="verifyPhonesCategoryShowsPhoneProducts" time="5.968"/>
  <testcase classname="com.srm.demoblaze.tests.ProductBrowseTests" name="verifyProductDetailsAreDisplayed" time="7.533"/>
</testsuite> <!-- com.srm.demoblaze.tests.ProductBrowseTests -->
