<?xml version="1.0" encoding="UTF-8"?>
<!-- Generated by org.testng.reporters.JUnitReportReporter -->
<testsuite hostname="Deeps" failures="0" tests="3" name="com.srm.demoblaze.tests.FormValidationTests" time="25.153" errors="0" timestamp="2026-04-18T20:42:32 IST" skipped="0">
  <testcase classname="com.srm.demoblaze.tests.FormValidationTests" name="verifyModalFieldsRetainEnteredText" time="9.232"/>
  <testcase classname="com.srm.demoblaze.tests.FormValidationTests" name="verifyExistingUsernameShowsSignUpAlert" time="9.659"/>
  <testcase classname="com.srm.demoblaze.tests.FormValidationTests" name="verifyEmptyUsernameShowsLoginAlert" time="6.262"/>
</testsuite> <!-- com.srm.demoblaze.tests.FormValidationTests -->
