<?xml version="1.0" encoding="UTF-8"?>
<!-- Generated by org.testng.reporters.JUnitReportReporter -->
<testsuite hostname="Deeps" failures="0" tests="4" name="com.srm.demoblaze.tests.AuthenticationTests" time="46.177" errors="0" timestamp="2026-04-18T20:42:32 IST" skipped="0">
  <testcase classname="com.srm.demoblaze.tests.AuthenticationTests" name="verifyLogoutRemovesUsernameFromNavbar" time="12.180"/>
  <testcase classname="com.srm.demoblaze.tests.AuthenticationTests" name="verifyLoginUsingExcelData" time="10.093"/>
  <testcase classname="com.srm.demoblaze.tests.AuthenticationTests" name="verifySuccessfulSignupWithUniqueCredentials" time="11.413"/>
  <testcase classname="com.srm.demoblaze.tests.AuthenticationTests" name="verifyLoginUsingExcelData" time="12.491"/>
</testsuite> <!-- com.srm.demoblaze.tests.AuthenticationTests -->
