<?xml version="1.0" encoding="UTF-8"?>
<!-- Generated by org.testng.reporters.JUnitReportReporter -->
<testsuite hostname="Deeps" failures="0" tests="2" name="com.srm.demoblaze.tests.OrderTests" time="45.912" errors="0" timestamp="2026-04-18T20:42:32 IST" skipped="0">
  <testcase classname="com.srm.demoblaze.tests.OrderTests" name="verifyOrderPlacementShowsConfirmationAndOrderId" time="24.197"/>
  <testcase classname="com.srm.demoblaze.tests.OrderTests" name="verifyOrderBehaviorWithEmptyNameAndCreditCardFields" time="21.715"/>
</testsuite> <!-- com.srm.demoblaze.tests.OrderTests -->
