<?xml version="1.0" encoding="UTF-8"?>
<!-- Generated by org.testng.reporters.JUnitReportReporter -->
<testsuite hostname="Deeps" failures="0" tests="2" name="com.srm.demoblaze.tests.OrderTests" time="36.778" errors="0" timestamp="2026-04-18T12:59:43 IST" skipped="0">
  <testcase classname="com.srm.demoblaze.tests.OrderTests" name="verifyOrderBehaviorWithEmptyNameAndCreditCardFields" time="17.698"/>
  <testcase classname="com.srm.demoblaze.tests.OrderTests" name="verifyOrderPlacementShowsConfirmationAndOrderId" time="19.080"/>
</testsuite> <!-- com.srm.demoblaze.tests.OrderTests -->
